#
# There is insufficient memory for the Java Runtime Environment to continue.
# Native memory allocation (mmap) failed to map 264241152 bytes for Failed to commit area from 0x0000000705800000 to 0x0000000715400000 of length 264241152.
# Possible reasons:
#   The system is out of physical RAM or swap space
#   The process is running with CompressedOops enabled, and the Java Heap may be blocking the growth of the native heap
# Possible solutions:
#   Reduce memory load on the system
#   Increase physical memory or swap space
#   Check if swap backing store is full
#   Decrease Java heap size (-Xmx/-Xms)
#   Decrease number of Java threads
#   Decrease Java thread stack sizes (-Xss)
#   Set larger code cache with -XX:ReservedCodeCacheSize=
# This output file may be truncated or incomplete.
#
#  Out of Memory Error (./open/src/hotspot/os/windows/os_windows.cpp:3301), pid=13924, tid=16468
#
# JRE version:  (11.0.27+8) (build )
# Java VM: Java HotSpot(TM) 64-Bit Server VM (11.0.27+8-LTS-232, mixed mode, sharing, tiered, compressed oops, g1 gc, windows-amd64)
# No core dump will be written. Minidumps are not enabled by default on client versions of Windows
#

---------------  S U M M A R Y ------------

Command Line: C:\Program Files\Java\jdk-11 -classpath C:\Users\USER\IDEAPR~1\Eventra\.mvn\wrapper\maven-wrapper.jar -Dmaven.multiModuleProjectDirectory=C:\Users\USER\IDEAPR~1\Eventra" org.apache.maven.wrapper.MavenWrapperMain clean compile

Host: 11th Gen Intel(R) Core(TM) i7-1165G7 @ 2.80GHz, 8 cores, 15G,  Windows 11 , 64 bit Build 26100 (10.0.26100.4484)
Time: Fri Aug  1 12:09:32 2025 Middle East Daylight Time elapsed time: 0.015139 seconds (0d 0h 0m 0s)

---------------  T H R E A D  ---------------

Current thread (0x0000023fccb10800):  JavaThread "Unknown thread" [_thread_in_vm, id=16468, stack(0x0000008d49300000,0x0000008d49400000)]

Stack: [0x0000008d49300000,0x0000008d49400000]
Native frames: (J=compiled Java code, j=interpreted, Vv=VM code, C=native code)
V  [jvm.dll+0x65887a]
V  [jvm.dll+0x79b47f]
V  [jvm.dll+0x79cb49]
V  [jvm.dll+0x79d1f3]
V  [jvm.dll+0x255975]
V  [jvm.dll+0x655bc9]
V  [jvm.dll+0x64a9c5]
V  [jvm.dll+0x3104ed]
V  [jvm.dll+0x310352]
V  [jvm.dll+0x3150d6]
V  [jvm.dll+0x3586b0]
V  [jvm.dll+0x358122]
V  [jvm.dll+0x2eb5e8]
V  [jvm.dll+0x2ec705]
V  [jvm.dll+0x7749c7]
V  [jvm.dll+0x77624f]
V  [jvm.dll+0x365819]
V  [jvm.dll+0x75907f]
V  [jvm.dll+0x3d7777]
V  [jvm.dll+0x3d98c1]
C  [jli.dll+0x52e7]
C  [ucrtbase.dll+0x37b0]
C  [KERNEL32.DLL+0x2e8d7]
C  [ntdll.dll+0x3c34c]


---------------  P R O C E S S  ---------------

Threads class SMR info:
_java_thread_list=0x0000023fca874460, length=0, elements={
}

Java Threads: ( => current thread )

Other Threads:
  0x0000023fccb25800 GCTaskThread "GC Thread#0" [stack: 0x0000008d49400000,0x0000008d49500000] [id=3896]
  0x0000023fccb84000 ConcurrentGCThread "G1 Main Marker" [stack: 0x0000008d49500000,0x0000008d49600000] [id=15336]
  0x0000023fccb8d800 ConcurrentGCThread "G1 Conc#0" [stack: 0x0000008d49600000,0x0000008d49700000] [id=6304]

[error occurred during error reporting (printing all threads), id 0xc0000005, EXCEPTION_ACCESS_VIOLATION (0xc0000005) at pc=0x00007ffa4611bca7]

VM state:not at safepoint (not fully initialized)

VM Mutex/Monitor currently owned by a thread:  ([mutex/lock_event])
[0x0000023fccb05380] Heap_lock - owner thread: 0x0000023fccb10800

Heap address: 0x0000000705800000, size: 4008 MB, Compressed Oops mode: Non-zero based: 0x0000000705800000
Narrow klass base: 0x0000000000000000, Narrow klass shift: 0

GC Heap History (0 events):
No events

Deoptimization events (0 events):
No events

Classes redefined (0 events):
No events

Internal exceptions (0 events):
No events

Events (0 events):
No events


Dynamic libraries:
0x00007ff6b8da0000 - 0x00007ff6b8db0000 	C:\PROGRA~1\Java\jdk-11\bin\java.exe
0x00007ffa9f6e0000 - 0x00007ffa9f948000 	C:\WINDOWS\SYSTEM32\ntdll.dll
0x00007ffa9e880000 - 0x00007ffa9e949000 	C:\WINDOWS\System32\KERNEL32.DLL
0x00007ffa9ce80000 - 0x00007ffa9d26d000 	C:\WINDOWS\System32\KERNELBASE.dll
0x00007ffa9ca40000 - 0x00007ffa9cb8b000 	C:\WINDOWS\System32\ucrtbase.dll
0x00007ffa7c580000 - 0x00007ffa7c599000 	C:\PROGRA~1\Java\jdk-11\bin\jli.dll
0x00007ffa7de30000 - 0x00007ffa7de4b000 	C:\PROGRA~1\Java\jdk-11\bin\VCRUNTIME140.dll
0x00007ffa9e7c0000 - 0x00007ffa9e874000 	C:\WINDOWS\System32\ADVAPI32.dll
0x00007ffa9f3f0000 - 0x00007ffa9f499000 	C:\WINDOWS\System32\msvcrt.dll
0x00007ffa9d480000 - 0x00007ffa9d526000 	C:\WINDOWS\System32\sechost.dll
0x00007ffa9ea00000 - 0x00007ffa9eb18000 	C:\WINDOWS\System32\RPCRT4.dll
0x00007ffa9e5f0000 - 0x00007ffa9e7bc000 	C:\WINDOWS\System32\USER32.dll
0x00007ffa9d450000 - 0x00007ffa9d477000 	C:\WINDOWS\System32\win32u.dll
0x00007ffa9e950000 - 0x00007ffa9e97b000 	C:\WINDOWS\System32\GDI32.dll
0x00007ffa9d310000 - 0x00007ffa9d447000 	C:\WINDOWS\System32\gdi32full.dll
0x00007ffa7c0a0000 - 0x00007ffa7c33a000 	C:\WINDOWS\WinSxS\amd64_microsoft.windows.common-controls_6595b64144ccf1df_6.0.26100.4484_none_3e0e6d4ce32ef3b3\COMCTL32.dll
0x00007ffa9cb90000 - 0x00007ffa9cc33000 	C:\WINDOWS\System32\msvcp_win.dll
0x00007ffa8ba80000 - 0x00007ffa8ba8b000 	C:\WINDOWS\SYSTEM32\VERSION.dll
0x00007ffa9d5c0000 - 0x00007ffa9d5ef000 	C:\WINDOWS\System32\IMM32.DLL
0x00007ffa7ee70000 - 0x00007ffa7ee7c000 	C:\PROGRA~1\Java\jdk-11\bin\vcruntime140_1.dll
0x00007ffa67470000 - 0x00007ffa674fe000 	C:\PROGRA~1\Java\jdk-11\bin\msvcp140.dll
0x00007ffa45e20000 - 0x00007ffa46983000 	C:\PROGRA~1\Java\jdk-11\bin\server\jvm.dll
0x00007ffa9e240000 - 0x00007ffa9e248000 	C:\WINDOWS\System32\PSAPI.DLL
0x00007ffa94890000 - 0x00007ffa9489a000 	C:\WINDOWS\SYSTEM32\WSOCK32.dll
0x00007ffa91620000 - 0x00007ffa91655000 	C:\WINDOWS\SYSTEM32\WINMM.dll
0x00007ffa9f4a0000 - 0x00007ffa9f514000 	C:\WINDOWS\System32\WS2_32.dll
0x00007ffa9b5d0000 - 0x00007ffa9b5eb000 	C:\WINDOWS\SYSTEM32\kernel.appcore.dll
0x00007ffa7ee00000 - 0x00007ffa7ee10000 	C:\PROGRA~1\Java\jdk-11\bin\verify.dll
0x00007ffa9a0e0000 - 0x00007ffa9a321000 	C:\WINDOWS\SYSTEM32\DBGHELP.DLL
0x00007ffa9e260000 - 0x00007ffa9e5e6000 	C:\WINDOWS\System32\combase.dll
0x00007ffa9d600000 - 0x00007ffa9d6e0000 	C:\WINDOWS\System32\OLEAUT32.dll
0x00007ffa77550000 - 0x00007ffa77593000 	C:\WINDOWS\SYSTEM32\dbgcore.DLL
0x00007ffa9d270000 - 0x00007ffa9d309000 	C:\WINDOWS\System32\bcryptPrimitives.dll
0x00007ffa7aec0000 - 0x00007ffa7aee8000 	C:\PROGRA~1\Java\jdk-11\bin\java.dll
0x00007ffa7de60000 - 0x00007ffa7de6a000 	C:\PROGRA~1\Java\jdk-11\bin\jimage.dll
0x00007ffa7bfe0000 - 0x00007ffa7bff7000 	C:\PROGRA~1\Java\jdk-11\bin\zip.dll

dbghelp: loaded successfully - version: 4.0.5 - missing functions: none
symbol engine: initialized successfully - sym options: 0x614 - pdb path: .;C:\PROGRA~1\Java\jdk-11\bin;C:\WINDOWS\SYSTEM32;C:\WINDOWS\WinSxS\amd64_microsoft.windows.common-controls_6595b64144ccf1df_6.0.26100.4484_none_3e0e6d4ce32ef3b3;C:\PROGRA~1\Java\jdk-11\bin\server

VM Arguments:
java_command: C:\Program Files\Java\jdk-11 -classpath C:\Users\USER\IDEAPR~1\Eventra\.mvn\wrapper\maven-wrapper.jar -Dmaven.multiModuleProjectDirectory=C:\Users\USER\IDEAPR~1\Eventra" org.apache.maven.wrapper.MavenWrapperMain clean compile
java_class_path (initial): .
Launcher Type: SUN_STANDARD

[Global flags]
     intx CICompilerCount                          = 4                                         {product} {ergonomic}
     uint ConcGCThreads                            = 2                                         {product} {ergonomic}
     uint G1ConcRefinementThreads                  = 8                                         {product} {ergonomic}
   size_t G1HeapRegionSize                         = 1048576                                   {product} {ergonomic}
    uintx GCDrainStackTargetSize                   = 64                                        {product} {ergonomic}
   size_t InitialHeapSize                          = 264241152                                 {product} {ergonomic}
   size_t MarkStackSize                            = 4194304                                   {product} {ergonomic}
   size_t MaxHeapSize                              = 4202692608                                {product} {ergonomic}
   size_t MinHeapDeltaBytes                        = 1048576                                   {product} {ergonomic}
    uintx NonNMethodCodeHeapSize                   = 5836300                                {pd product} {ergonomic}
    uintx NonProfiledCodeHeapSize                  = 122910970                              {pd product} {ergonomic}
    uintx ProfiledCodeHeapSize                     = 122910970                              {pd product} {ergonomic}
    uintx ReservedCodeCacheSize                    = 251658240                              {pd product} {ergonomic}
     bool SegmentedCodeCache                       = true                                      {product} {ergonomic}
     bool UseCompressedClassPointers               = true                                 {lp64_product} {ergonomic}
     bool UseCompressedOops                        = true                                 {lp64_product} {ergonomic}
     bool UseG1GC                                  = true                                      {product} {ergonomic}
     bool UseLargePagesIndividualAllocation        = false                                  {pd product} {ergonomic}

Logging:
Log output configuration:
 #0: stdout all=warning uptime,level,tags
 #1: stderr all=off uptime,level,tags

Environment Variables:
JAVA_HOME=C:\PROGRA~1\Java\jdk-11
PATH=c:\Users\USER\AppData\Local\Programs\cursor\resources\app\bin;C:\Program Files\Common Files\Oracle\Java\javapath;C:\Program Files (x86)\Common Files\Oracle\Java\javapath;C:\Program Files (x86)\VMware\VMware Workstation\bin\;C:\WINDOWS\system32;C:\WINDOWS;C:\WINDOWS\System32\Wbem;C:\WINDOWS\System32\WindowsPowerShell\v1.0\;C:\WINDOWS\System32\OpenSSH\;C:\Program Files\dotnet\;C:\Program Files\MATLAB\R2022b\runtime\win64;C:\Program Files\MATLAB\R2022b\bin;C:\Program Files\HP\HP One Agent;C:\Program Files (x86)\Microsoft SQL Server\160\Tools\Binn\;C:\Program Files\Microsoft SQL Server\160\Tools\Binn\;C:\Program Files\Microsoft SQL Server\Client SDK\ODBC\170\Tools\Binn\;C:\Program Files\Microsoft SQL Server\160\DTS\Binn\;C:\Program Files (x86)\Microsoft SQL Server\160\DTS\Binn\;C:\WINDOWS\system32;C:\WINDOWS;C:\WINDOWS\System32\Wbem;C:\WINDOWS\System32\WindowsPowerShell\v1.0\;C:\WINDOWS\System32\OpenSSH\;C:\Program Files\Java\jdk1.8.0_202\bin;C:\Program Files\Git\cmd;C:\Program Files\Apache\Maven\apache-maven-3.8;C:\Program Files\Apache\Maven\apache-maven-3.8.9\bin;C:\Program Files\Common Files\Oracle\Java\javapath;C:\Program Files (x86)\Common Files\Oracle\Java\javapath;C:\Program Files (x86)\VMware\VMware Workstation\bin\;C:\WINDOWS\system32;C:\WINDOWS;C:\WINDOWS\System32\Wbem;C:\WINDOWS\System32\WindowsPowerShell\v1.0\;C:\WINDOWS\System32\OpenSSH\;C:\Program Files\dotnet\;C:\Program Files\MATLAB\R2022b\runtime\win64;C:\Program Files\MATLAB\R2022b\bin;C:\Program Files\HP\HP One Agent;C:\Program Files (x86)\Microsoft SQL Server\160\Tools\Binn\;C:\Program Files\Microsoft SQL Server\160\Tools\Binn\;C:\Program Files\Microsoft SQL Server\Client SDK\ODBC\170\Tools\Binn\;C:\Program Files\Microsoft SQL Server\160\DTS\Binn\;C:\Program Files (x86)\Microsoft SQL Server\160\DTS\Binn\;C:\WINDOWS\system32;C:\WINDOWS;C:\WINDOWS\System32\Wbem;C:\WINDOWS\System32\WindowsPowerShell\v1.0\;C:\WINDOWS\System32\OpenSSH\;C:\Program Files\Java\jdk1.8.0_202\bin;C:\Program Files\Git\cmd;C:\P
USERNAME=USER
OS=Windows_NT
PROCESSOR_IDENTIFIER=Intel64 Family 6 Model 140 Stepping 1, GenuineIntel



---------------  S Y S T E M  ---------------

OS: Windows 11 , 64 bit Build 26100 (10.0.26100.4484)
Hyper-V role detected

CPU:total 8 (initial active 8) (4 cores per cpu, 2 threads per core) family 6 model 140 stepping 1 microcode 0xb4, cmov, cx8, fxsr, mmx, sse, sse2, sse3, ssse3, sse4.1, sse4.2, popcnt, avx, avx2, aes, clmul, erms, 3dnowpref, lzcnt, ht, tsc, tscinvbit, bmi1, bmi2, adx, evex, sha, fma

Memory: 4k page, system-wide physical 16026M (3760M free)
TotalPageFile size 17316M (AvailPageFile size 218M)
current process WorkingSet (physical memory assigned to process): 12M, peak: 12M
current process commit charge ("private bytes"): 61M, peak: 313M

vm_info: Java HotSpot(TM) 64-Bit Server VM (11.0.27+8-LTS-232) for windows-amd64 JRE (11.0.27+8-LTS-232), built on Feb 25 2025 06:49:10 by "mach5one" with MS VC++ 17.6 (VS2022)

END.
